<?xml version="1.0" encoding="UTF-8"?>
<testng-results ignored="0" total="1" passed="1" failed="0" skipped="0">
  <reporter-output>
  </reporter-output>
  <suite started-at="2025-12-30T14:43:18 IST" name="Default suite" finished-at="2025-12-30T14:43:26 IST" duration-ms="7880">
    <groups>
    </groups>
    <test started-at="2025-12-30T14:43:18 IST" name="Default test" finished-at="2025-12-30T14:43:26 IST" duration-ms="7880">
      <class name="tests.LoginTest">
        <test-method is-config="true" signature="beforeTest()[pri:0, instance:tests.LoginTest@55141def]" started-at="2025-12-30T14:43:18 IST" name="beforeTest" finished-at="2025-12-30T14:43:22 IST" duration-ms="4353" status="PASS">
          <reporter-output>
          </reporter-output>
        </test-method> <!-- beforeTest -->
        <test-method signature="f()[pri:0, instance:tests.LoginTest@55141def]" started-at="2025-12-30T14:43:22 IST" name="f" finished-at="2025-12-30T14:43:25 IST" duration-ms="3106" status="PASS">
          <reporter-output>
          </reporter-output>
        </test-method> <!-- f -->
        <test-method is-config="true" signature="afterTest()[pri:0, instance:tests.LoginTest@55141def]" started-at="2025-12-30T14:43:25 IST" name="afterTest" finished-at="2025-12-30T14:43:26 IST" duration-ms="321" status="PASS">
          <reporter-output>
          </reporter-output>
        </test-method> <!-- afterTest -->
      </class> <!-- tests.LoginTest -->
    </test> <!-- Default test -->
  </suite> <!-- Default suite -->
</testng-results>
