<?xml version="1.0" encoding="UTF-8"?>
<testng-results ignored="0" total="1" passed="1" failed="0" skipped="0">
  <reporter-output>
  </reporter-output>
  <suite started-at="2025-12-30T15:09:49 IST" name="Default suite" finished-at="2025-12-30T15:09:59 IST" duration-ms="10466">
    <groups>
    </groups>
    <test started-at="2025-12-30T15:09:49 IST" name="Default test" finished-at="2025-12-30T15:09:59 IST" duration-ms="10466">
      <class name="tests.LoginTest">
        <test-method is-config="true" signature="setup()[pri:0, instance:tests.LoginTest@55141def]" started-at="2025-12-30T15:09:49 IST" name="setup" finished-at="2025-12-30T15:09:58 IST" duration-ms="8857" status="PASS">
          <reporter-output>
          </reporter-output>
        </test-method> <!-- setup -->
        <test-method signature="loginAndLogout()[pri:0, instance:tests.LoginTest@55141def]" started-at="2025-12-30T15:09:58 IST" name="loginAndLogout" finished-at="2025-12-30T15:09:59 IST" duration-ms="1085" status="PASS">
          <reporter-output>
          </reporter-output>
        </test-method> <!-- loginAndLogout -->
        <test-method is-config="true" signature="tearDown()[pri:0, instance:tests.LoginTest@55141def]" started-at="2025-12-30T15:09:59 IST" name="tearDown" finished-at="2025-12-30T15:09:59 IST" duration-ms="448" status="PASS">
          <reporter-output>
          </reporter-output>
        </test-method> <!-- tearDown -->
      </class> <!-- tests.LoginTest -->
    </test> <!-- Default test -->
  </suite> <!-- Default suite -->
</testng-results>
